SF:lib/src/faker_k.dart
DA:22,18
DA:23,27
DA:24,27
DA:25,27
DA:26,27
DA:27,27
DA:28,27
DA:29,18
LF:8
LH:8
end_of_record
SF:lib/src/shuffler.dart
DA:7,18
DA:9,9
DA:10,36
DA:13,2
DA:14,10
DA:17,9
DA:18,45
DA:21,2
DA:22,2
DA:24,4
DA:25,6
DA:30,9
DA:31,45
DA:33,9
DA:34,18
DA:35,27
DA:37,45
DA:38,9
DA:41,9
DA:42,18
DA:45,0
DA:47,2
DA:51,12
DA:52,2
DA:55,2
DA:60,2
DA:61,2
DA:63,4
DA:66,6
DA:67,2
DA:69,2
LF:31
LH:30
end_of_record
SF:lib/src/names.dart
DA:12,9
DA:13,9
DA:14,9
DA:16,3
DA:17,6
DA:18,9
DA:22,6
DA:24,6
LF:8
LH:8
end_of_record
SF:lib/src/address.dart
DA:9,9
DA:10,9
DA:11,9
DA:12,9
DA:13,9
DA:14,9
DA:15,18
DA:18,27
DA:19,18
DA:27,2
DA:28,12
DA:30,4
DA:32,4
DA:34,4
DA:36,4
DA:38,4
LF:16
LH:16
end_of_record
SF:lib/src/bank.dart
DA:12,9
DA:14,2
DA:15,2
DA:16,2
DA:17,2
DA:20,10
DA:22,2
DA:23,4
DA:24,2
DA:25,2
DA:28,2
DA:29,4
DA:32,2
DA:33,2
DA:34,4
DA:38,2
DA:42,2
DA:46,2
DA:55,2
DA:57,2
DA:59,2
DA:61,2
DA:63,2
DA:65,4
DA:68,2
DA:69,6
DA:70,6
DA:73,2
DA:76,2
DA:77,6
DA:80,2
DA:82,4
DA:84,4
LF:33
LH:33
end_of_record
SF:lib/src/phone.dart
DA:8,9
DA:10,2
DA:11,12
DA:12,4
DA:14,2
DA:15,8
DA:16,4
LF:7
LH:7
end_of_record
SF:lib/src/lipsum.dart
DA:6,9
DA:8,2
DA:9,8
DA:11,2
DA:12,10
DA:15,2
DA:16,8
LF:7
LH:7
end_of_record
SF:lib/src/internet.dart
DA:7,9
DA:9,6
DA:10,2
DA:13,2
DA:14,10
DA:17,6
DA:19,0
DA:22,0
DA:27,2
DA:28,4
DA:29,2
DA:31,4
DA:33,4
DA:37,2
DA:38,4
DA:39,2
DA:41,4
DA:42,2
DA:44,2
DA:46,6
DA:47,8
DA:51,4
DA:52,2
DA:53,8
DA:54,2
LF:25
LH:23
end_of_record
SF:lib/src/images.dart
DA:6,2
DA:13,2
DA:19,2
DA:21,2
DA:28,2
DA:30,4
DA:34,2
DA:39,2
DA:46,2
DA:47,2
DA:56,2
DA:63,2
DA:65,4
DA:66,2
DA:71,2
DA:76,2
DA:83,4
DA:84,2
DA:87,2
DA:88,2
DA:89,2
DA:90,2
DA:92,4
LF:23
LH:23
end_of_record
SF:lib/src/combiner.dart
DA:4,24
DA:8,9
DA:11,27
DA:12,18
DA:14,27
DA:15,18
LF:6
LH:6
end_of_record
SF:lib/src/model/bank_model.dart
DA:9,2
LF:1
LH:1
end_of_record
SF:lib/src/util/extension.dart
DA:5,2
DA:6,4
DA:8,2
DA:9,2
DA:11,0
DA:12,0
DA:13,0
DA:18,2
DA:19,0
DA:21,0
DA:22,0
DA:23,0
DA:24,0
DA:30,2
DA:31,0
DA:33,0
DA:34,0
DA:35,0
DA:36,0
DA:41,0
DA:42,0
DA:43,0
DA:44,0
DA:45,0
DA:50,0
DA:51,0
DA:52,0
DA:53,0
DA:57,2
DA:59,2
DA:60,2
DA:61,2
DA:62,2
DA:66,0
DA:68,0
DA:69,0
DA:70,0
DA:71,0
DA:85,2
DA:91,2
DA:92,4
LF:41
LH:14
end_of_record
